# JRE version: OpenJDK Runtime Environment (8.0_212-b04) (build 1.8.0_212-release-1586-b04)
# Java VM: OpenJDK 64-Bit Server VM (25.212-b04 mixed mode windows-amd64 compressed oops)
Heap:
 PSYoungGen      total 270848K, used 144010K [0x00000000e0000000, 0x00000000f5180000, 0x0000000100000000)
  eden space 217600K, 53% used [0x00000000e0000000,0x00000000e718a998,0x00000000ed480000)
  from space 53248K, 52% used [0x00000000f1d80000,0x00000000f3897f78,0x00000000f5180000)
  to   space 64000K, 0% used [0x00000000ed480000,0x00000000ed480000,0x00000000f1300000)
 ParOldGen       total 308224K, used 192973K [0x00000000a0000000, 0x00000000b2d00000, 0x00000000e0000000)
  object space 308224K, 62% used [0x00000000a0000000,0x00000000abc734e0,0x00000000b2d00000)
 Metaspace       used 89486K, capacity 95814K, committed 96040K, reserved 1132544K
  class space    used 11709K, capacity 13056K, committed 13104K, reserved 1048576K
GC Heap History (10 events):
Event: 97.068 GC heap before
{Heap before GC invocations=32 (full 4):
 PSYoungGen      total 293376K, used 283884K [0x00000000e0000000, 0x00000000f7f00000, 0x0000000100000000)
  eden space 229376K, 100% used [0x00000000e0000000,0x00000000ee000000,0x00000000ee000000)
  from space 64000K, 85% used [0x00000000ee000000,0x00000000f153b338,0x00000000f1e80000)
  to   space 71168K, 0% used [0x00000000f3980000,0x00000000f3980000,0x00000000f7f00000)
 ParOldGen       total 308224K, used 192933K [0x00000000a0000000, 0x00000000b2d00000, 0x00000000e0000000)
  object space 308224K, 62% used [0x00000000a0000000,0x00000000abc694e0,0x00000000b2d00000)
 Metaspace       used 84741K, capacity 90196K, committed 90536K, reserved 1126400K
  class space    used 11395K, capacity 12591K, committed 12720K, reserved 1048576K
Event: 97.079 GC heap after
Heap after GC invocations=32 (full 4):
 PSYoungGen      total 312832K, used 5677K [0x00000000e0000000, 0x00000000f7a80000, 0x0000000100000000)
  eden space 246272K, 0% used [0x00000000e0000000,0x00000000e0000000,0x00000000ef080000)
  from space 66560K, 8% used [0x00000000f3980000,0x00000000f3f0b700,0x00000000f7a80000)
  to   space 70656K, 0% used [0x00000000ef080000,0x00000000ef080000,0x00000000f3580000)
 ParOldGen       total 308224K, used 192941K [0x00000000a0000000, 0x00000000b2d00000, 0x00000000e0000000)
  object space 308224K, 62% used [0x00000000a0000000,0x00000000abc6b4e0,0x00000000b2d00000)
 Metaspace       used 84741K, capacity 90196K, committed 90536K, reserved 1126400K
  class space    used 11395K, capacity 12591K, committed 12720K, reserved 1048576K
}
Event: 4230.911 GC heap before
{Heap before GC invocations=33 (full 4):
 PSYoungGen      total 312832K, used 251949K [0x00000000e0000000, 0x00000000f7a80000, 0x0000000100000000)
  eden space 246272K, 100% used [0x00000000e0000000,0x00000000ef080000,0x00000000ef080000)
  from space 66560K, 8% used [0x00000000f3980000,0x00000000f3f0b700,0x00000000f7a80000)
  to   space 70656K, 0% used [0x00000000ef080000,0x00000000ef080000,0x00000000f3580000)
 ParOldGen       total 308224K, used 192941K [0x00000000a0000000, 0x00000000b2d00000, 0x00000000e0000000)
  object space 308224K, 62% used [0x00000000a0000000,0x00000000abc6b4e0,0x00000000b2d00000)
 Metaspace       used 88168K, capacity 94076K, committed 94376K, reserved 1130496K
  class space    used 11634K, capacity 12899K, committed 12976K, reserved 1048576K
Event: 4231.646 GC heap after
Heap after GC invocations=33 (full 4):
 PSYoungGen      total 278528K, used 39878K [0x00000000e0000000, 0x00000000f7500000, 0x0000000100000000)
  eden space 238592K, 0% used [0x00000000e0000000,0x00000000e0000000,0x00000000ee900000)
  from space 39936K, 99% used [0x00000000ef080000,0x00000000f1771918,0x00000000f1780000)
  to   space 71680K, 0% used [0x00000000f2f00000,0x00000000f2f00000,0x00000000f7500000)
 ParOldGen       total 308224K, used 192949K [0x00000000a0000000, 0x00000000b2d00000, 0x00000000e0000000)
  object space 308224K, 62% used [0x00000000a0000000,0x00000000abc6d4e0,0x00000000b2d00000)
 Metaspace       used 88168K, capacity 94076K, committed 94376K, reserved 1130496K
  class space    used 11634K, capacity 12899K, committed 12976K, reserved 1048576K
}
Event: 4438.235 GC heap before
{Heap before GC invocations=34 (full 4):
 PSYoungGen      total 278528K, used 278470K [0x00000000e0000000, 0x00000000f7500000, 0x0000000100000000)
  eden space 238592K, 100% used [0x00000000e0000000,0x00000000ee900000,0x00000000ee900000)
  from space 39936K, 99% used [0x00000000ef080000,0x00000000f1771918,0x00000000f1780000)
  to   space 71680K, 0% used [0x00000000f2f00000,0x00000000f2f00000,0x00000000f7500000)
 ParOldGen       total 308224K, used 192949K [0x00000000a0000000, 0x00000000b2d00000, 0x00000000e0000000)
  object space 308224K, 62% used [0x00000000a0000000,0x00000000abc6d4e0,0x00000000b2d00000)
 Metaspace       used 88808K, capacity 94974K, committed 95272K, reserved 1132544K
  class space    used 11688K, capacity 13024K, committed 13104K, reserved 1048576K
Event: 4438.390 GC heap after
Heap after GC invocations=34 (full 4):
 PSYoungGen      total 293888K, used 35487K [0x00000000e0000000, 0x00000000f6c00000, 0x0000000100000000)
  eden space 231424K, 0% used [0x00000000e0000000,0x00000000e0000000,0x00000000ee200000)
  from space 62464K, 56% used [0x00000000f2f00000,0x00000000f51a7f78,0x00000000f6c00000)
  to   space 70656K, 0% used [0x00000000ee200000,0x00000000ee200000,0x00000000f2700000)
 ParOldGen       total 308224K, used 192957K [0x00000000a0000000, 0x00000000b2d00000, 0x00000000e0000000)
  object space 308224K, 62% used [0x00000000a0000000,0x00000000abc6f4e0,0x00000000b2d00000)
 Metaspace       used 88808K, capacity 94974K, committed 95272K, reserved 1132544K
  class space    used 11688K, capacity 13024K, committed 13104K, reserved 1048576K
}
Event: 4664.384 GC heap before
{Heap before GC invocations=35 (full 4):
 PSYoungGen      total 293888K, used 266911K [0x00000000e0000000, 0x00000000f6c00000, 0x0000000100000000)
  eden space 231424K, 100% used [0x00000000e0000000,0x00000000ee200000,0x00000000ee200000)
  from space 62464K, 56% used [0x00000000f2f00000,0x00000000f51a7f78,0x00000000f6c00000)
  to   space 70656K, 0% used [0x00000000ee200000,0x00000000ee200000,0x00000000f2700000)
 ParOldGen       total 308224K, used 192957K [0x00000000a0000000, 0x00000000b2d00000, 0x00000000e0000000)
  object space 308224K, 62% used [0x00000000a0000000,0x00000000abc6f4e0,0x00000000b2d00000)
 Metaspace       used 89183K, capacity 95490K, committed 95784K, reserved 1132544K
  class space    used 11699K, capacity 13038K, committed 13104K, reserved 1048576K
Event: 4664.613 GC heap after
Heap after GC invocations=35 (full 4):
 PSYoungGen      total 256512K, used 31903K [0x00000000e0000000, 0x00000000f6000000, 0x0000000100000000)
  eden space 224256K, 0% used [0x00000000e0000000,0x00000000e0000000,0x00000000edb00000)
  from space 32256K, 98% used [0x00000000ee200000,0x00000000f0127f78,0x00000000f0180000)
  to   space 68096K, 0% used [0x00000000f1d80000,0x00000000f1d80000,0x00000000f6000000)
 ParOldGen       total 308224K, used 192965K [0x00000000a0000000, 0x00000000b2d00000, 0x00000000e0000000)
  object space 308224K, 62% used [0x00000000a0000000,0x00000000abc714e0,0x00000000b2d00000)
 Metaspace       used 89183K, capacity 95490K, committed 95784K, reserved 1132544K
  class space    used 11699K, capacity 13038K, committed 13104K, reserved 1048576K
}
Event: 4989.514 GC heap before
{Heap before GC invocations=36 (full 4):
 PSYoungGen      total 256512K, used 256159K [0x00000000e0000000, 0x00000000f6000000, 0x0000000100000000)
  eden space 224256K, 100% used [0x00000000e0000000,0x00000000edb00000,0x00000000edb00000)
  from space 32256K, 98% used [0x00000000ee200000,0x00000000f0127f78,0x00000000f0180000)
  to   space 68096K, 0% used [0x00000000f1d80000,0x00000000f1d80000,0x00000000f6000000)
 ParOldGen       total 308224K, used 192965K [0x00000000a0000000, 0x00000000b2d00000, 0x00000000e0000000)
  object space 308224K, 62% used [0x00000000a0000000,0x00000000abc714e0,0x00000000b2d00000)
 Metaspace       used 89403K, capacity 95684K, committed 95784K, reserved 1132544K
  class space    used 11703K, capacity 13045K, committed 13104K, reserved 1048576K
Event: 4989.597 GC heap after
Heap after GC invocations=36 (full 4):
 PSYoungGen      total 270848K, used 27743K [0x00000000e0000000, 0x00000000f5180000, 0x0000000100000000)
  eden space 217600K, 0% used [0x00000000e0000000,0x00000000e0000000,0x00000000ed480000)
  from space 53248K, 52% used [0x00000000f1d80000,0x00000000f3897f78,0x00000000f5180000)
  to   space 64000K, 0% used [0x00000000ed480000,0x00000000ed480000,0x00000000f1300000)
 ParOldGen       total 308224K, used 192973K [0x00000000a0000000, 0x00000000b2d00000, 0x00000000e0000000)
  object space 308224K, 62% used [0x00000000a0000000,0x00000000abc734e0,0x00000000b2d00000)
 Metaspace       used 89403K, capacity 95684K, committed 95784K, reserved 1132544K
  class space    used 11703K, capacity 13045K, committed 13104K, reserved 1048576K
}

