# JRE version: OpenJDK Runtime Environment (8.0_212-b04) (build 1.8.0_212-release-1586-b04)
# Java VM: OpenJDK 64-Bit Server VM (25.212-b04 mixed mode windows-amd64 compressed oops)
Heap:
 PSYoungGen      total 268288K, used 131181K [0x00000000e0000000, 0x00000000f6e80000, 0x0000000100000000)
  eden space 195584K, 41% used [0x00000000e0000000,0x00000000e4fb9a00,0x00000000ebf00000)
  from space 72704K, 68% used [0x00000000ebf00000,0x00000000eef61d80,0x00000000f0600000)
  to   space 75264K, 0% used [0x00000000f2500000,0x00000000f2500000,0x00000000f6e80000)
 ParOldGen       total 350720K, used 139780K [0x00000000a0000000, 0x00000000b5680000, 0x00000000e0000000)
  object space 350720K, 39% used [0x00000000a0000000,0x00000000a8881200,0x00000000b5680000)
 Metaspace       used 118460K, capacity 126240K, committed 126488K, reserved 1159168K
  class space    used 15496K, capacity 17164K, committed 17200K, reserved 1048576K
GC Heap History (10 events):
Event: 7909.698 GC heap before
{Heap before GC invocations=38 (full 4):
 PSYoungGen      total 222720K, used 197977K [0x00000000e0000000, 0x00000000f2500000, 0x0000000100000000)
  eden space 162304K, 100% used [0x00000000e0000000,0x00000000e9e80000,0x00000000e9e80000)
  from space 60416K, 59% used [0x00000000e9e80000,0x00000000ec156610,0x00000000ed980000)
  to   space 60416K, 0% used [0x00000000eea00000,0x00000000eea00000,0x00000000f2500000)
 ParOldGen       total 228352K, used 188381K [0x00000000a0000000, 0x00000000adf00000, 0x00000000e0000000)
  object space 228352K, 82% used [0x00000000a0000000,0x00000000ab7f7700,0x00000000adf00000)
 Metaspace       used 107347K, capacity 113750K, committed 113944K, reserved 1148928K
  class space    used 13947K, capacity 15357K, committed 15408K, reserved 1048576K
Event: 7909.751 GC heap after
Heap after GC invocations=38 (full 4):
 PSYoungGen      total 237568K, used 42484K [0x00000000e0000000, 0x00000000f2700000, 0x0000000100000000)
  eden space 177152K, 0% used [0x00000000e0000000,0x00000000e0000000,0x00000000ead00000)
  from space 60416K, 70% used [0x00000000eea00000,0x00000000f137d190,0x00000000f2500000)
  to   space 62464K, 0% used [0x00000000ead00000,0x00000000ead00000,0x00000000eea00000)
 ParOldGen       total 228352K, used 188389K [0x00000000a0000000, 0x00000000adf00000, 0x00000000e0000000)
  object space 228352K, 82% used [0x00000000a0000000,0x00000000ab7f9700,0x00000000adf00000)
 Metaspace       used 107347K, capacity 113750K, committed 113944K, reserved 1148928K
  class space    used 13947K, capacity 15357K, committed 15408K, reserved 1048576K
}
Event: 7916.339 GC heap before
{Heap before GC invocations=39 (full 4):
 PSYoungGen      total 237568K, used 219543K [0x00000000e0000000, 0x00000000f2700000, 0x0000000100000000)
  eden space 177152K, 99% used [0x00000000e0000000,0x00000000eace8c38,0x00000000ead00000)
  from space 60416K, 70% used [0x00000000eea00000,0x00000000f137d190,0x00000000f2500000)
  to   space 62464K, 0% used [0x00000000ead00000,0x00000000ead00000,0x00000000eea00000)
 ParOldGen       total 228352K, used 188389K [0x00000000a0000000, 0x00000000adf00000, 0x00000000e0000000)
  object space 228352K, 82% used [0x00000000a0000000,0x00000000ab7f9700,0x00000000adf00000)
 Metaspace       used 108365K, capacity 115006K, committed 115352K, reserved 1148928K
  class space    used 13965K, capacity 15401K, committed 15536K, reserved 1048576K
Event: 7916.470 GC heap after
Heap after GC invocations=39 (full 4):
 PSYoungGen      total 239616K, used 62461K [0x00000000e0000000, 0x00000000f4d80000, 0x0000000100000000)
  eden space 177152K, 0% used [0x00000000e0000000,0x00000000e0000000,0x00000000ead00000)
  from space 62464K, 99% used [0x00000000ead00000,0x00000000ee9ff728,0x00000000eea00000)
  to   space 73216K, 0% used [0x00000000f0600000,0x00000000f0600000,0x00000000f4d80000)
 ParOldGen       total 228352K, used 193984K [0x00000000a0000000, 0x00000000adf00000, 0x00000000e0000000)
  object space 228352K, 84% used [0x00000000a0000000,0x00000000abd70328,0x00000000adf00000)
 Metaspace       used 108365K, capacity 115006K, committed 115352K, reserved 1148928K
  class space    used 13965K, capacity 15401K, committed 15536K, reserved 1048576K
}
Event: 7916.470 GC heap before
{Heap before GC invocations=40 (full 5):
 PSYoungGen      total 239616K, used 62461K [0x00000000e0000000, 0x00000000f4d80000, 0x0000000100000000)
  eden space 177152K, 0% used [0x00000000e0000000,0x00000000e0000000,0x00000000ead00000)
  from space 62464K, 99% used [0x00000000ead00000,0x00000000ee9ff728,0x00000000eea00000)
  to   space 73216K, 0% used [0x00000000f0600000,0x00000000f0600000,0x00000000f4d80000)
 ParOldGen       total 228352K, used 193984K [0x00000000a0000000, 0x00000000adf00000, 0x00000000e0000000)
  object space 228352K, 84% used [0x00000000a0000000,0x00000000abd70328,0x00000000adf00000)
 Metaspace       used 108365K, capacity 115006K, committed 115352K, reserved 1148928K
  class space    used 13965K, capacity 15401K, committed 15536K, reserved 1048576K
Event: 7917.050 GC heap after
Heap after GC invocations=40 (full 5):
 PSYoungGen      total 239616K, used 0K [0x00000000e0000000, 0x00000000f4d80000, 0x0000000100000000)
  eden space 177152K, 0% used [0x00000000e0000000,0x00000000e0000000,0x00000000ead00000)
  from space 62464K, 0% used [0x00000000ead00000,0x00000000ead00000,0x00000000eea00000)
  to   space 73216K, 0% used [0x00000000f0600000,0x00000000f0600000,0x00000000f4d80000)
 ParOldGen       total 350720K, used 139764K [0x00000000a0000000, 0x00000000b5680000, 0x00000000e0000000)
  object space 350720K, 39% used [0x00000000a0000000,0x00000000a887d200,0x00000000b5680000)
 Metaspace       used 108360K, capacity 114996K, committed 115352K, reserved 1148928K
  class space    used 13963K, capacity 15398K, committed 15536K, reserved 1048576K
}
Event: 7923.527 GC heap before
{Heap before GC invocations=41 (full 5):
 PSYoungGen      total 239616K, used 177152K [0x00000000e0000000, 0x00000000f4d80000, 0x0000000100000000)
  eden space 177152K, 100% used [0x00000000e0000000,0x00000000ead00000,0x00000000ead00000)
  from space 62464K, 0% used [0x00000000ead00000,0x00000000ead00000,0x00000000eea00000)
  to   space 73216K, 0% used [0x00000000f0600000,0x00000000f0600000,0x00000000f4d80000)
 ParOldGen       total 350720K, used 139764K [0x00000000a0000000, 0x00000000b5680000, 0x00000000e0000000)
  object space 350720K, 39% used [0x00000000a0000000,0x00000000a887d200,0x00000000b5680000)
 Metaspace       used 110320K, capacity 116932K, committed 117016K, reserved 1150976K
  class space    used 14180K, capacity 15604K, committed 15664K, reserved 1048576K
Event: 7923.547 GC heap after
Heap after GC invocations=41 (full 5):
 PSYoungGen      total 268288K, used 11851K [0x00000000e0000000, 0x00000000f4d00000, 0x0000000100000000)
  eden space 195584K, 0% used [0x00000000e0000000,0x00000000e0000000,0x00000000ebf00000)
  from space 72704K, 16% used [0x00000000f0600000,0x00000000f1192ce0,0x00000000f4d00000)
  to   space 72704K, 0% used [0x00000000ebf00000,0x00000000ebf00000,0x00000000f0600000)
 ParOldGen       total 350720K, used 139772K [0x00000000a0000000, 0x00000000b5680000, 0x00000000e0000000)
  object space 350720K, 39% used [0x00000000a0000000,0x00000000a887f200,0x00000000b5680000)
 Metaspace       used 110320K, capacity 116932K, committed 117016K, reserved 1150976K
  class space    used 14180K, capacity 15604K, committed 15664K, reserved 1048576K
}
Event: 7925.032 GC heap before
{Heap before GC invocations=42 (full 5):
 PSYoungGen      total 268288K, used 207435K [0x00000000e0000000, 0x00000000f4d00000, 0x0000000100000000)
  eden space 195584K, 100% used [0x00000000e0000000,0x00000000ebf00000,0x00000000ebf00000)
  from space 72704K, 16% used [0x00000000f0600000,0x00000000f1192ce0,0x00000000f4d00000)
  to   space 72704K, 0% used [0x00000000ebf00000,0x00000000ebf00000,0x00000000f0600000)
 ParOldGen       total 350720K, used 139772K [0x00000000a0000000, 0x00000000b5680000, 0x00000000e0000000)
  object space 350720K, 39% used [0x00000000a0000000,0x00000000a887f200,0x00000000b5680000)
 Metaspace       used 117468K, capacity 124796K, committed 125080K, reserved 1157120K
  class space    used 15368K, capacity 16958K, committed 17072K, reserved 1048576K
Event: 7925.121 GC heap after
Heap after GC invocations=42 (full 5):
 PSYoungGen      total 268288K, used 49543K [0x00000000e0000000, 0x00000000f6e80000, 0x0000000100000000)
  eden space 195584K, 0% used [0x00000000e0000000,0x00000000e0000000,0x00000000ebf00000)
  from space 72704K, 68% used [0x00000000ebf00000,0x00000000eef61d80,0x00000000f0600000)
  to   space 75264K, 0% used [0x00000000f2500000,0x00000000f2500000,0x00000000f6e80000)
 ParOldGen       total 350720K, used 139780K [0x00000000a0000000, 0x00000000b5680000, 0x00000000e0000000)
  object space 350720K, 39% used [0x00000000a0000000,0x00000000a8881200,0x00000000b5680000)
 Metaspace       used 117468K, capacity 124796K, committed 125080K, reserved 1157120K
  class space    used 15368K, capacity 16958K, committed 17072K, reserved 1048576K
}

